    1  pwd
    2  ls
    3  cd Desktop/
    4  ls
    5  cd Projects/
    6  ls
    7  mkdir git_github
    8  ls
    9  cd git_github/
   10  git init
   11  ls
   12  ls -a
   13  cat .git
   14  git add README.MD
   15  touch README.MD
   16  git add README.MD
   17  git commit -m "Adding readme.md file"
   18  ls
   19  git branch -a
   20  git remote add origin https://github.com/puneku/git_starter.git
   21  git branch -a
   22  git config
   23  git config --global
   24  git config --local
   25  git config -l
   26  git remote set-url origin https://github.com/pune/git_starter.git
   27  git config -l
   28  git remote set-url origin https://github.com/puneku/git_starter.git
   29  git push -u origin master
   30  git config -l
   31  git branch -a
   32  git checkout -b git_feature_1
   33  git config -l
   34  git branch -a
   35  git push
   36  git push --set-upstream origin git_feature_1
   37  git config -l
   38  ls
   39  vi README.MD 
   40  la
   41  ls 
   42  ls -a
   43  ls -l
   44  ls -lm
   45  stat -c '%y' README.MD 
   46  ls -mtime
   47  ls -help
   48  ls --help
   49  git status
   50  vi  README.MD 
   51  git status
   52  git add README.MD 
   53  git push
   54  git commit -m "basic demo"
   55  git push
   56  git branch -a
   57  git checkout master
   58  git pull git_feature_1
   59  git merge git_feature_1
   60  git status
   61  git push
   62  git history
   63  git log
   64  git branch -a
   65  git log
   66  history
   67  history >> ~/Desktop/Projects/git_github/command_history.log
